Diagnose log at 2026-01-29T18:55:27Z

AppPath: C:\Program Files\Git\mingw64\bin\git-credential-manager.exe
InstallDir: C:\Program Files\Git\mingw64\bin\
Version: 2.6.1+786ab03440ddc82e807a97c0e540f5247e44cec6

------------
Diagnostic: Environment
Skipped: False
Success: True
Exception: None
Log:
OSType: Windows
OSVersion: 10.0 (build 26100)
Reading environment variables... OK
 Variables:
HOMEPATH=\Users\tiago
DriverData=C:\Windows\System32\Drivers\DriverData
COMPUTERNAME=TIAGOCARDOSO
GIT_TRACE2_PARENT_SID=89c9e730-08e9-4f06-b0f9-cc5a90d0857d
CommonProgramFiles(x86)=C:\Program Files (x86)\Common Files
EFC_14940_2775293581=1
OneDrive=C:\Users\tiago\OneDrive
PYTHON_BASIC_REPL=1
SESSIONNAME=Console
BUNDLED_DEBUGPY_PATH=c:\Users\tiago\.antigravity\extensions\ms-python.debugpy-2025.18.0-win32-x64\bundled\libs\debugpy
LANG=en_US.UTF-8
TMP=C:\Users\tiago\AppData\Local\Temp
PROCESSOR_REVISION=9a03
PYDEVD_DISABLE_FILE_VALIDATION=1
PATHEXT=.COM;.EXE;.BAT;.CMD;.VBS;.VBE;.JS;.JSE;.WSF;.WSH;.MSC;.CPL
GIT_ASKPASS=c:\Users\tiago\AppData\Local\Programs\Antigravity\resources\app\extensions\git\dist\askpass.sh
GIT_EXEC_PATH=C:/Program Files/Git/mingw64/libexec/git-core
TEMP=C:\Users\tiago\AppData\Local\Temp
LOCALAPPDATA=C:\Users\tiago\AppData\Local
MSYSTEM=MINGW64
TERM=xterm-256color
VSCODE_PYTHON_AUTOACTIVATE_GUARD=1
COLORTERM=truecolor
JAVA_HOME=C:\Program Files\Java\jdk-24
USERDOMAIN=TIAGOCARDOSO
Path=C:/Program Files/Git/mingw64/libexec/git-core;C:\Program Files\Git\mingw64\bin;C:\Program Files\Git\usr\bin;C:\Users\tiago\bin;C:\Program Files\Common Files\Oracle\Java\javapath;C:\WINDOWS\system32;C:\WINDOWS;C:\WINDOWS\System32\Wbem;C:\WINDOWS\System32\WindowsPowerShell\v1.0\;C:\WINDOWS\System32\OpenSSH\;C:\src\flutter\bin;C:\Users\Tiago\AppData\Local\Android\Sdk\cmdline-tools\latest\bin;C:\Program Files\Java\jdk-24\bin;C:\Program Files\Git\cmd;C:\Program Files\Microsoft SQL Server\150\Tools\Binn\;C:\Program Files\Microsoft SQL Server\Client SDK\ODBC\170\Tools\Binn\;C:\Program Files\dotnet\;C:\Program Files (x86)\Windows Kits\10\Windows Performance Toolkit\;C:\Program Files (x86)\Microsoft SQL Server\170\Tools\Binn\;C:\Program Files\Microsoft SQL Server\170\Tools\Binn\;C:\Program Files\Microsoft SQL Server\Client SDK\ODBC\180\Tools\Binn\;C:\Program Files\Microsoft SQL Server\170\DTS\Binn\;C:\Program Files\nodejs\;C:\Program Files\Go\bin;C:\Users\tiago\AppData\Local\Programs\Python\Python312\Scripts\;C:\Users\tiago\AppData\Local\Programs\Python\Python312\;C:\Users\tiago\AppData\Local\Programs\Python\Launcher\;C:\Users\tiago\AppData\Local\Microsoft\WindowsApps;C:\Users\tiago\AppData\Local\Programs\Microsoft VS Code\bin;C:\src\flutter\bin;C:\Users\Tiago\AppData\Local\Android\Sdk\cmdline-tools\latest\bin;C:\Program Files\Java\jdk-24\bin;C:\Users\tiago\.dotnet\tools;C:\Users\tiago\AppData\Local\Programs\Antigravity\bin;C:\Users\tiago\AppData\Roaming\npm;c:\Users\tiago\.antigravity\extensions\ms-python.debugpy-2025.18.0-win32-x64\bundled\scripts\noConfigScripts
TERM_PROGRAM=vscode
PROCESSOR_LEVEL=6
PROCESSOR_IDENTIFIER=Intel64 Family 6 Model 154 Stepping 3, GenuineIntel
TMPDIR=C:\Users\tiago\AppData\Local\Temp
VSCODE_GIT_ASKPASS_EXTRA_ARGS=
EFC_14940_2283032206=1
TERM_PROGRAM_VERSION=1.104.0
VSCODE_GIT_ASKPASS_MAIN=c:\Users\tiago\AppData\Local\Programs\Antigravity\resources\app\extensions\git\dist\askpass-main.js
ProgramFiles(x86)=C:\Program Files (x86)
PUBLIC=C:\Users\Public
NUMBER_OF_PROCESSORS=12
FPS_BROWSER_USER_PROFILE_STRING=Default
CommonProgramFiles=C:\Program Files (x86)\Common Files
VSCODE_INJECTION=1
EFC_14940_3789132940=1
VSCODE_GIT_IPC_HANDLE=\\.\pipe\vscode-git-477373d4de-sock
CHROME_CRASHPAD_PIPE_NAME=\\.\pipe\crashpad_29596_VFRXCEYFCZJZWRUT
PLINK_PROTOCOL=ssh
ProgramData=C:\ProgramData
ProgramW6432=C:\Program Files
VSCODE_DEBUGPY_ADAPTER_ENDPOINTS=c:\Users\tiago\.antigravity\extensions\ms-python.debugpy-2025.18.0-win32-x64\.noConfigDebugAdapterEndpoints\endpoint-669506f843450247.txt
ProgramFiles=C:\Program Files (x86)
EFC_14940_1592913036=1
ANTIGRAVITY_CLI_ALIAS=agy
VSCODE_GIT_ASKPASS_NODE=C:\Users\tiago\AppData\Local\Programs\Antigravity\Antigravity.exe
SystemRoot=C:\WINDOWS
ORIGINAL_XDG_CURRENT_DESKTOP=undefined
PYTHONSTARTUP=c:\Users\tiago\AppData\Roaming\Antigravity\User\workspaceStorage\7e784680b0e54c4dc0f0f702aba5a32b\ms-python.python\pythonrc.py
HOME=C:\Users\tiago
CommonProgramW6432=C:\Program Files\Common Files
ZES_ENABLE_SYSMAN=1
LOGONSERVER=\\TIAGOCARDOSO
USERPROFILE=C:\Users\tiago
USERDOMAIN_ROAMINGPROFILE=TIAGOCARDOSO
APPDATA=C:\Users\tiago\AppData\Roaming
HOMEDRIVE=C:
PSModulePath=C:\Users\tiago\OneDrive\Documents\WindowsPowerShell\Modules;C:\Program Files\WindowsPowerShell\Modules;C:\WINDOWS\system32\WindowsPowerShell\v1.0\Modules;C:\Program Files\Microsoft SQL Server\170\Tools\PowerShell\Modules\
EFC_14940_1262719628=1
USERNAME=tiago
PROCESSOR_ARCHITEW6432=AMD64
FPS_BROWSER_APP_PROFILE_STRING=Internet Explorer
PROCESSOR_ARCHITECTURE=x86
OS=Windows_NT
ComSpec=C:\WINDOWS\system32\cmd.exe
SystemDrive=C:
windir=C:\WINDOWS
OneDriveConsumer=C:\Users\tiago\OneDrive
ALLUSERSPROFILE=C:\ProgramData


------------
Diagnostic: File system
Skipped: False
Success: True
Exception: None
Log:
Temporary directory is 'C:\Users\tiago\AppData\Local\Temp\'...
Checking basic file I/O...
Writing to temporary file 'C:\Users\tiago\AppData\Local\Temp\e6124c0098b992a6c7b52acd'... OK
Reading from temporary file 'C:\Users\tiago\AppData\Local\Temp\e6124c0098b992a6c7b52acd'... OK
Deleting temporary file 'C:\Users\tiago\AppData\Local\Temp\e6124c0098b992a6c7b52acd'... OK
Testing IFileSystem instance...
UserHomePath: C:\Users\tiago
UserDataDirectoryPath: C:\Users\tiago\.gcm
GetCurrentDirectory(): C:\Users\tiago\OneDrive\CAIP-210

------------
Diagnostic: Networking
Skipped: False
Success: True
Exception: None
Log:
Checking networking and HTTP stack...
Creating HTTP client... OK
IsNetworkAvailable: True
Sending HEAD request to http://example.com...Sending HEAD request to https://example.com... OK
 OK
Acquiring free TCP port... OK
Testing local HTTP loopback connections...
Creating new HTTP listener for http://localhost:52363/... OK
Waiting for loopback connection... OK
Writing response... OK
Waiting for response data... OK
Loopback connection data OK

------------
Diagnostic: Git
Skipped: False
Success: True
Exception: None
Log:
Getting Git version... OK
Git version is '2.51.0.windows.1'
Locating current repository...Git repository at 'C:/Users/tiago/OneDrive/CAIP-210/.git'
 OK
Listing all Git configuration... OK
Git configuration:
file:C:/Program Files/Git/etc/gitconfig	diff.astextplain.textconv=astextplain
file:C:/Program Files/Git/etc/gitconfig	filter.lfs.clean=git-lfs clean -- %f
file:C:/Program Files/Git/etc/gitconfig	filter.lfs.smudge=git-lfs smudge -- %f
file:C:/Program Files/Git/etc/gitconfig	filter.lfs.process=git-lfs filter-process
file:C:/Program Files/Git/etc/gitconfig	filter.lfs.required=true
file:C:/Program Files/Git/etc/gitconfig	http.sslbackend=schannel
file:C:/Program Files/Git/etc/gitconfig	core.autocrlf=true
file:C:/Program Files/Git/etc/gitconfig	core.fscache=true
file:C:/Program Files/Git/etc/gitconfig	core.symlinks=false
file:C:/Program Files/Git/etc/gitconfig	pull.rebase=false
file:C:/Program Files/Git/etc/gitconfig	credential.helper=manager
file:C:/Program Files/Git/etc/gitconfig	credential.https://dev.azure.com.usehttppath=true
file:C:/Program Files/Git/etc/gitconfig	init.defaultbranch=master
file:C:/Users/tiago/.gitconfig	user.name=Leonardo
file:C:/Users/tiago/.gitconfig	user.email=leofwcardoso@gmail.com
file:C:/Users/tiago/.gitconfig	credential.https://huggingface.co.provider=generic
file:.git/config	core.repositoryformatversion=0
file:.git/config	core.filemode=false
file:.git/config	core.bare=false
file:.git/config	core.logallrefupdates=true
file:.git/config	core.symlinks=false
file:.git/config	core.ignorecase=true
file:.git/config	remote.origin.url=https://github.com/tiagofcardoso/CAIP-210.git
file:.git/config	remote.origin.fetch=+refs/heads/*:refs/remotes/origin/*
file:.git/config	branch.main.remote=origin
file:.git/config	branch.main.merge=refs/heads/main
file:.git/config	user.name=Tiago Cardoso
file:.git/config	user.email=tiagofabriciocardoso@gmail.com


------------
Diagnostic: Credential storage
Skipped: False
Success: True
Exception: None
Log:
ICredentialStore instance is of type: CredentialStore
Writing test credential... OK
Reading test credential... OK
Deleting test credential... OK

------------
Diagnostic: Microsoft authentication (AAD/MSA)
Skipped: False
Success: True
Exception: None
Log:
Broker is not enabled.
Flow type is: Auto
Gathering MSAL token cache data... OK
CacheDirectory: C:\Users\tiago\AppData\Local\.IdentityService
CacheFileName: msal.cache
CacheFilePath: C:\Users\tiago\AppData\Local\.IdentityService\msal.cache
Creating cache helper... OK
Verifying MSAL token cache persistence... OK

------------
Diagnostic: GitHub API
Skipped: False
Success: True
Exception: None
Log:
Using 'https://github.com/' as API target.
Querying '/meta' endpoint... OK

